<?xml version="1.0" encoding="UTF-8"?>
<!-- Generated by org.testng.reporters.JUnitXMLReporter -->
<testsuite ignored="0" hostname="Lokesh" failures="0" tests="8" name="Test" time="17.468" errors="0" timestamp="2024-03-21T13:40:08 SGT">
  <testcase classname="scripts_CrossBrowserExecution.ToLaunchApp_02" name="launch_app" time="14.635"/>
  <testcase classname="scripts_CrossBrowserExecution.ToLaunchApp_05" name="launch_app" time="14.684"/>
  <testcase classname="scripts_CrossBrowserExecution.ToLaunchApp_06" name="launch_app" time="14.8"/>
  <testcase classname="scripts_CrossBrowserExecution.ToLaunchApp_08" name="launch_app" time="14.827"/>
  <testcase classname="scripts_CrossBrowserExecution.ToLaunchApp_03" name="launch_app" time="14.886"/>
  <testcase classname="scripts_CrossBrowserExecution.ToLaunchApp_01" name="launch_app" time="14.9"/>
  <testcase classname="scripts_CrossBrowserExecution.ToLaunchApp_07" name="launch_app" time="15.034"/>
  <testcase classname="scripts_CrossBrowserExecution.ToLaunchApp_04" name="launch_app" time="17.424"/>
</testsuite> <!-- Test -->
