<?xml version="1.0" encoding="UTF-8"?>
<testng-results ignored="0" total="1" passed="1" failed="0" skipped="0">
  <reporter-output>
    <line>
      <![CDATA[from before suite]]>
    </line>
    <line>
      <![CDATA[application is connected to server of database]]>
    </line>
    <line>
      <![CDATA[from before test]]>
    </line>
    <line>
      <![CDATA[application is connected to database]]>
    </line>
    <line>
      <![CDATA[opening of browser]]>
    </line>
    <line>
      <![CDATA[from before class]]>
    </line>
    <line>
      <![CDATA[navigation to url]]>
    </line>
    <line>
      <![CDATA[login to application]]>
    </line>
    <line>
      <![CDATA[Before method]]>
    </line>
    <line>
      <![CDATA[logout operation from application]]>
    </line>
    <line>
      <![CDATA[from after method]]>
    </line>
    <line>
      <![CDATA[from after class]]>
    </line>
    <line>
      <![CDATA[check for closing of browser]]>
    </line>
    <line>
      <![CDATA[from after test]]>
    </line>
    <line>
      <![CDATA[application is connected to database]]>
    </line>
    <line>
      <![CDATA[from after suite]]>
    </line>
    <line>
      <![CDATA[application is dis-connected to server of database]]>
    </line>
  </reporter-output>
  <suite started-at="2024-04-03T18:31:28 SGT" name="Default suite" finished-at="2024-04-03T18:31:42 SGT" duration-ms="14614">
    <groups>
    </groups>
    <test started-at="2024-04-03T18:31:28 SGT" name="Default test" finished-at="2024-04-03T18:31:42 SGT" duration-ms="14614">
      <class name="testNG_XML.TestScript_03">
        <test-method is-config="true" signature="beforesuite()[pri:0, instance:testNG_XML.TestScript_03@37858383]" started-at="2024-04-03T18:31:28 SGT" name="beforesuite" finished-at="2024-04-03T18:31:28 SGT" duration-ms="8" status="PASS">
          <reporter-output>
            <line>
              <![CDATA[from before suite]]>
            </line>
            <line>
              <![CDATA[application is connected to server of database]]>
            </line>
          </reporter-output>
        </test-method> <!-- beforesuite -->
        <test-method is-config="true" signature="beforetest()[pri:0, instance:testNG_XML.TestScript_03@37858383]" started-at="2024-04-03T18:31:28 SGT" name="beforetest" finished-at="2024-04-03T18:31:28 SGT" duration-ms="0" status="PASS">
          <reporter-output>
            <line>
              <![CDATA[from before test]]>
            </line>
            <line>
              <![CDATA[application is connected to database]]>
            </line>
          </reporter-output>
        </test-method> <!-- beforetest -->
        <test-method is-config="true" signature="beforeclass()[pri:0, instance:testNG_XML.TestScript_03@37858383]" started-at="2024-04-03T18:31:28 SGT" name="beforeclass" finished-at="2024-04-03T18:31:35 SGT" duration-ms="6791" status="PASS">
          <reporter-output>
            <line>
              <![CDATA[opening of browser]]>
            </line>
            <line>
              <![CDATA[from before class]]>
            </line>
            <line>
              <![CDATA[navigation to url]]>
            </line>
          </reporter-output>
        </test-method> <!-- beforeclass -->
        <test-method is-config="true" signature="beforemethod()[pri:0, instance:testNG_XML.TestScript_03@37858383]" started-at="2024-04-03T18:31:35 SGT" name="beforemethod" finished-at="2024-04-03T18:31:39 SGT" duration-ms="4440" status="PASS">
          <reporter-output>
            <line>
              <![CDATA[login to application]]>
            </line>
            <line>
              <![CDATA[Before method]]>
            </line>
          </reporter-output>
        </test-method> <!-- beforemethod -->
        <test-method signature="FT_01()[pri:0, instance:testNG_XML.TestScript_03@37858383]" started-at="2024-04-03T18:31:39 SGT" name="FT_01" finished-at="2024-04-03T18:31:41 SGT" duration-ms="2295" status="PASS">
          <reporter-output>
          </reporter-output>
        </test-method> <!-- FT_01 -->
        <test-method is-config="true" signature="aftermethod()[pri:0, instance:testNG_XML.TestScript_03@37858383]" started-at="2024-04-03T18:31:41 SGT" name="aftermethod" finished-at="2024-04-03T18:31:42 SGT" duration-ms="884" status="PASS">
          <reporter-output>
            <line>
              <![CDATA[logout operation from application]]>
            </line>
            <line>
              <![CDATA[from after method]]>
            </line>
          </reporter-output>
        </test-method> <!-- aftermethod -->
        <test-method is-config="true" signature="afterclass()[pri:0, instance:testNG_XML.TestScript_03@37858383]" started-at="2024-04-03T18:31:42 SGT" name="afterclass" finished-at="2024-04-03T18:31:42 SGT" duration-ms="183" status="PASS">
          <reporter-output>
            <line>
              <![CDATA[from after class]]>
            </line>
            <line>
              <![CDATA[check for closing of browser]]>
            </line>
          </reporter-output>
        </test-method> <!-- afterclass -->
        <test-method is-config="true" signature="aftertest()[pri:0, instance:testNG_XML.TestScript_03@37858383]" started-at="2024-04-03T18:31:42 SGT" name="aftertest" finished-at="2024-04-03T18:31:42 SGT" duration-ms="0" status="PASS">
          <reporter-output>
            <line>
              <![CDATA[from after test]]>
            </line>
            <line>
              <![CDATA[application is connected to database]]>
            </line>
          </reporter-output>
        </test-method> <!-- aftertest -->
        <test-method is-config="true" signature="aftersuite()[pri:0, instance:testNG_XML.TestScript_03@37858383]" started-at="2024-04-03T18:31:43 SGT" name="aftersuite" finished-at="2024-04-03T18:31:43 SGT" duration-ms="1" status="PASS">
          <reporter-output>
            <line>
              <![CDATA[from after suite]]>
            </line>
            <line>
              <![CDATA[application is dis-connected to server of database]]>
            </line>
          </reporter-output>
        </test-method> <!-- aftersuite -->
      </class> <!-- testNG_XML.TestScript_03 -->
    </test> <!-- Default test -->
  </suite> <!-- Default suite -->
</testng-results>
